Determining if the pthread_create exist failed with the following output:
Change Dir: /home/mjubran/HMStitching/VVCS/VVCS/build/umake/gcc-7.4/x86_64/release/CMakeFiles/CMakeTmp

Run Build Command:"/usr/bin/make" "cmTC_bff8c/fast"
/usr/bin/make -f CMakeFiles/cmTC_bff8c.dir/build.make CMakeFiles/cmTC_bff8c.dir/build
make[1]: Entering directory '/home/mjubran/HMStitching/VVCS/VVCS/build/umake/gcc-7.4/x86_64/release/CMakeFiles/CMakeTmp'
Building C object CMakeFiles/cmTC_bff8c.dir/CheckSymbolExists.c.o
/usr/bin/cc   -fPIE   -o CMakeFiles/cmTC_bff8c.dir/CheckSymbolExists.c.o   -c /home/mjubran/HMStitching/VVCS/VVCS/build/umake/gcc-7.4/x86_64/release/CMakeFiles/CMakeTmp/CheckSymbolExists.c
Linking C executable cmTC_bff8c
/usr/bin/cmake -E cmake_link_script CMakeFiles/cmTC_bff8c.dir/link.txt --verbose=1
/usr/bin/cc      CMakeFiles/cmTC_bff8c.dir/CheckSymbolExists.c.o  -o cmTC_bff8c 
CMakeFiles/cmTC_bff8c.dir/CheckSymbolExists.c.o: In function `main':
CheckSymbolExists.c:(.text+0x1b): undefined reference to `pthread_create'
collect2: error: ld returned 1 exit status
CMakeFiles/cmTC_bff8c.dir/build.make:97: recipe for target 'cmTC_bff8c' failed
make[1]: *** [cmTC_bff8c] Error 1
make[1]: Leaving directory '/home/mjubran/HMStitching/VVCS/VVCS/build/umake/gcc-7.4/x86_64/release/CMakeFiles/CMakeTmp'
Makefile:126: recipe for target 'cmTC_bff8c/fast' failed
make: *** [cmTC_bff8c/fast] Error 2

File /home/mjubran/HMStitching/VVCS/VVCS/build/umake/gcc-7.4/x86_64/release/CMakeFiles/CMakeTmp/CheckSymbolExists.c:
/* */
#include <pthread.h>

int main(int argc, char** argv)
{
  (void)argv;
#ifndef pthread_create
  return ((int*)(&pthread_create))[argc];
#else
  (void)argc;
  return 0;
#endif
}

